<?xml version="1.0" encoding="UTF-8"?>
<robot generator="Robot 3.2.2 (Python 3.9.1 on win32)" generated="20210108 22:50:26.755" rpa="false">
<suite id="s1" name="Tests" source="C:\Users\lucar\Desktop\Python\SuiteSiteTestePractice\tests">
<suite id="s1-s1" name="TesteSitePractice" source="C:\Users\lucar\Desktop\Python\SuiteSiteTestePractice\tests\TesteSitePractice.robot">
<test id="s1-s1-t1" name="Caso de Teste 05: Remover Produtos">
<kw name="abrir navegador" library="Resource" type="setup">
<kw name="Open Browser" library="SeleniumLibrary">
<doc>Opens a new browser instance to the optional ``url``.</doc>
<arguments>
<arg>about:blank</arg>
<arg>${BROWSER}</arg>
</arguments>
<msg timestamp="20210108 22:50:27.088" level="INFO">Opening browser 'chrome' to base url 'about:blank'.</msg>
<status status="PASS" starttime="20210108 22:50:27.088" endtime="20210108 22:50:31.138"></status>
</kw>
<status status="PASS" starttime="20210108 22:50:27.087" endtime="20210108 22:50:31.139"></status>
</kw>
<kw name="Acessar a página home do site" library="Resource">
<kw name="Go To" library="SeleniumLibrary">
<doc>Navigates the current browser window to the provided ``url``.</doc>
<arguments>
<arg>${URL}</arg>
</arguments>
<msg timestamp="20210108 22:50:31.141" level="INFO">Opening url 'http://automationpractice.com'</msg>
<status status="PASS" starttime="20210108 22:50:31.140" endtime="20210108 22:50:35.393"></status>
</kw>
<kw name="Title Should Be" library="SeleniumLibrary">
<doc>Verifies that the current page title equals ``title``.</doc>
<arguments>
<arg>My Store</arg>
</arguments>
<msg timestamp="20210108 22:50:35.434" level="INFO">Page title is 'My Store'.</msg>
<status status="PASS" starttime="20210108 22:50:35.393" endtime="20210108 22:50:35.434"></status>
</kw>
<status status="PASS" starttime="20210108 22:50:31.139" endtime="20210108 22:50:35.434"></status>
</kw>
<kw name="Clicar no ícone carrinho de compras no menu superior direito" library="Resource">
<kw name="Mouse Down" library="SeleniumLibrary">
<doc>Simulates pressing the left mouse button on the element ``locator``.</doc>
<arguments>
<arg>//*[@id="header"]/div[3]/div/div/div[3]/div/a</arg>
</arguments>
<msg timestamp="20210108 22:50:35.436" level="INFO">Simulating Mouse Down on element '//*[@id="header"]/div[3]/div/div/div[3]/div/a'.</msg>
<status status="PASS" starttime="20210108 22:50:35.436" endtime="20210108 22:50:35.893"></status>
</kw>
<kw name="Mouse Up" library="SeleniumLibrary">
<doc>Simulates releasing the left mouse button on the element ``locator``.</doc>
<arguments>
<arg>//*[@id="header"]/div[3]/div/div/div[3]/div/a</arg>
</arguments>
<msg timestamp="20210108 22:50:35.894" level="INFO">Simulating Mouse Up on element '//*[@id="header"]/div[3]/div/div/div[3]/div/a'.</msg>
<status status="PASS" starttime="20210108 22:50:35.893" endtime="20210108 22:50:37.290"></status>
</kw>
<status status="PASS" starttime="20210108 22:50:35.435" endtime="20210108 22:50:37.290"></status>
</kw>
<kw name="Clicar no botão de remoção de produtos (delete) no produto do" library="Resource">
<msg timestamp="20210108 22:50:37.292" level="FAIL">User keyword 'Clicar no botão de remoção de produtos (delete) no produto do' contains no keywords.</msg>
<status status="FAIL" starttime="20210108 22:50:37.291" endtime="20210108 22:50:37.292"></status>
</kw>
<status status="FAIL" starttime="20210108 22:50:27.085" endtime="20210108 22:50:37.293" critical="yes">User keyword 'Clicar no botão de remoção de produtos (delete) no produto do' contains no keywords.</status>
</test>
<status status="FAIL" starttime="20210108 22:50:26.793" endtime="20210108 22:50:37.298"></status>
</suite>
<status status="FAIL" starttime="20210108 22:50:26.757" endtime="20210108 22:50:37.303"></status>
</suite>
<statistics>
<total>
<stat pass="0" fail="1">Critical Tests</stat>
<stat pass="0" fail="1">All Tests</stat>
</total>
<tag>
</tag>
<suite>
<stat pass="0" fail="1" id="s1" name="Tests">Tests</stat>
<stat pass="0" fail="1" id="s1-s1" name="TesteSitePractice">Tests.TesteSitePractice</stat>
</suite>
</statistics>
<errors>
</errors>
</robot>
